06 jun 2014 IST 06jun2014_4 1390
15 40 18 park off contm off start 1390
15 46 10 park off contm off stop 1390
15 46 26 park off contm ehi start 1390
15 51 21 park off contm ehi stop 1390
15 51 38 park off contm hi start 1390
15 56 30 park off contm hi stop 1390
15 56 49 park off contm med start 1390
16 1 41 park off contm med stop 1390
16 1 58 park off contm low start 1390
16 6 50 park off contm low stop 1390
16 7 7 park off contm off start 1390
16 12 2 park off contm off stop 1390
16 12 18 park off contm ehi start 1390
16 17 10 park off contm ehi stop 1390
16 17 27 park off contm hi start 1390
16 22 22 park off contm hi stop 1390
16 22 38 park off contm med start 1390
16 27 31 park off contm med stop 1390
16 27 47 park off contm low start 1390
16 32 42 park off contm low stop 1390
16 32 58 park off contm off start 1390
16 37 51 park off contm off stop 1390
16 38 18 park off contm ehi start 1390
16 43 11 park off contm ehi stop 1390
16 43 30 park off contm hi start 1390
16 48 22 park off contm hi stop 1390
16 48 38 park off contm med start 1390
16 53 31 park off contm med stop 1390
16 53 47 park off contm low start 1390
16 58 42 park off contm low stop 1390
16 58 59 park off contm off start 1390
17 3 51 park off contm off stop 1390
17 4 7 park off contm ehi start 1390
17 9 3 park off contm ehi stop 1390
17 9 19 park off contm hi start 1390
17 14 11 park off contm hi stop 1390
17 14 28 park off contm med start 1390
17 19 23 park off contm med stop 1390
17 19 50 park off contm low start 1390
17 24 43 park off contm low stop 1390
17 24 59 park off contm off start 1390
17 29 51 park off contm off stop 1390
17 30 10 park off contm ehi start 1390
17 35 3 park off contm ehi stop 1390
17 35 19 park off contm hi start 1390
17 40 12 park off contm hi stop 1390
17 40 30 park off contm med start 1390
17 45 23 park off contm med stop 1390
17 45 39 park off contm low start 1390
17 50 32 park off contm low stop 1390
17 50 48 park off contm off start 1390
17 55 43 park off contm off stop 1390
17 55 59 park off contm ehi start 1390
18 0 52 park off contm ehi stop 1390
18 1 8 park off contm hi start 1390
18 6 3 park off contm hi stop 1390
18 6 20 park off contm med start 1390
18 11 12 park off contm med stop 1390
18 12 19 park off contm low start 1390
18 17 15 park off contm low stop 1390
18 17 31 park off contm off start 1390
18 22 24 park off contm off stop 1390
18 22 40 park off contm ehi start 1390
18 27 33 park off contm ehi stop 1390
18 27 51 park off contm hi start 1390
18 32 44 park off contm hi stop 1390
18 33 0 park off contm med start 1390
18 37 53 park off contm med stop 1390
18 38 12 park off contm low start 1390
18 43 4 park off contm low stop 1390
18 43 20 park off contm off start 1390
18 48 13 park off contm off stop 1390
18 48 29 park off contm ehi start 1390
18 53 24 park off contm ehi stop 1390
18 53 41 park off contm hi start 1390
18 58 33 park off contm hi stop 1390
18 58 49 park off contm med start 1390
19 3 45 park off contm med stop 1390
19 4 1 park off contm low start 1390
19 8 54 park off contm low stop 1390
19 9 10 park off contm off start 1390
19 14 5 park off contm off stop 1390
19 14 21 park off contm ehi start 1390
19 19 14 park off contm ehi stop 1390
19 19 30 park off contm hi start 1390
19 24 25 park off contm hi stop 1390
19 24 42 park off contm med start 1390
19 29 34 park off contm med stop 1390
19 29 50 park off contm low start 1390
19 34 43 park off contm low stop 1390
19 35 2 park off contm off start 1390
19 39 54 park off contm off stop 1390
19 40 13 park off contm ehi start 1390
19 45 3 park off contm ehi stop 1390
19 45 22 park off contm hi start 1390
19 50 15 park off contm hi stop 1390
19 50 31 park off contm med start 1390
19 55 23 park off contm med stop 1390
19 55 42 park off contm low start 1390
20 0 35 park off contm low stop 1390
20 0 51 park off contm off start 1390
20 5 44 park off contm off stop 1390
20 6 2 park off contm ehi start 1390
20 10 55 park off contm ehi stop 1390
20 11 11 park off contm hi start 1390
20 16 7 park off contm hi stop 1390
20 16 23 park off contm med start 1390
20 21 15 park off contm med stop 1390
20 21 31 park off contm low start 1390
20 26 24 park off contm low stop 1390
20 26 43 park off contm off start 1390
20 31 36 park off contm off stop 1390
20 31 52 park off contm ehi start 1390
20 36 45 park off contm ehi stop 1390
20 37 1 park off contm hi start 1390
20 41 56 park off contm hi stop 1390
20 42 12 park off contm med start 1390
20 47 5 park off contm med stop 1390
20 47 21 park off contm low start 1390
20 52 16 park off contm low stop 1390
20 52 32 park off contm off start 1390
20 57 25 park off contm off stop 1390
20 57 41 park off contm ehi start 1390
21 2 37 park off contm ehi stop 1390
21 2 53 park off contm hi start 1390
21 7 45 park off contm hi stop 1390
21 8 1 park off contm med start 1390
21 12 57 park off contm med stop 1390
21 13 13 park off contm low start 1390
21 18 6 park off contm low stop 1390
21 18 22 park off contm off start 1390
21 23 17 park off contm off stop 1390
21 23 33 park off contm ehi start 1390
21 28 26 park off contm ehi stop 1390
21 28 45 park off contm hi start 1390
21 33 37 park off contm hi stop 1390
21 33 54 park off contm med start 1390
21 38 46 park off contm med stop 1390
21 39 2 park off contm low start 1390
21 43 58 park off contm low stop 1390
21 44 14 park off contm off start 1390
21 49 6 park off contm off stop 1390
21 49 23 park off contm ehi start 1390
21 54 18 park off contm ehi stop 1390
21 54 34 park off contm hi start 1390
21 59 27 park off contm hi stop 1390
21 59 43 park off contm med start 1390
22 4 36 park off contm med stop 1390
22 4 55 park off contm low start 1390
22 9 47 park off contm low stop 1390
22 10 3 park off contm off start 1390
22 14 56 park off contm off stop 1390
22 15 15 park off contm ehi start 1390
22 20 7 park off contm ehi stop 1390
22 20 24 park off contm hi start 1390
22 25 16 park off contm hi stop 1390
22 25 35 park off contm med start 1390
22 30 27 park off contm med stop 1390
22 30 44 park off contm low start 1390
22 35 36 park off contm low stop 1390
22 35 53 park off contm off start 1390
22 40 48 park off contm off stop 1390
22 41 4 park off contm ehi start 1390
22 45 57 park off contm ehi stop 1390
22 46 13 park off contm hi start 1390
22 51 8 park off contm hi stop 1390
22 51 24 park off contm med start 1390
22 56 17 park off contm med stop 1390
22 56 35 park off contm low start 1390
23 1 28 park off contm low stop 1390
23 1 45 park off contm off start 1390
23 6 37 park off contm off stop 1390
23 6 53 park off contm ehi start 1390
23 11 49 park off contm ehi stop 1390
23 12 5 park off contm hi start 1390
23 16 57 park off contm hi stop 1390
23 17 14 park off contm med start 1390
23 22 9 park off contm med stop 1390
23 22 25 park off contm low start 1390
23 27 18 park off contm low stop 1390
23 27 55 park off contm off start 1390
23 32 48 park off contm off stop 1390
23 33 4 park off contm ehi start 1390
23 38 0 park off contm ehi stop 1390
23 38 15 park off contm hi start 1390
23 43 8 park off contm hi stop 1390
23 43 24 park off contm med start 1390
23 48 17 park off contm med stop 1390
23 48 36 park off contm low start 1390
23 53 29 park off contm low stop 1390
23 53 45 park off contm off start 1390
23 58 37 park off contm off stop 1390
23 58 56 park off contm ehi start 1390
24 3 49 park off contm ehi stop 1390
24 4 5 park off contm hi start 1390
24 8 58 park off contm hi stop 1390
24 9 16 park off contm med start 1390
24 14 9 park off contm med stop 1390
24 14 25 park off contm low start 1390
24 19 18 park off contm low stop 1390
24 19 34 park off contm off start 1390
24 24 30 park off contm off stop 1390
24 24 45 park off contm ehi start 1390
24 29 38 park off contm ehi stop 1390
24 29 57 park off contm hi start 1390
24 34 44 park off contm hi stop 1390
