13 feb 2014 IST 13feb2014_4 1370
65 47 off contm start 1370
66 47 off contm stop 1370
66 47 off contm start 1370
67 47 off contm stop 1370
67 47 off contm start 1370
68 47 off contm stop 1370
68 47 off contm start 1370
69 47 off contm stop 1370
70 47 off contm start 1370
71 47 off contm stop 1370
71 47 off contm start 1370
72 47 off contm stop 1370
72 47 off contm start 1370
73 47 off contm stop 1370
73 47 off contm start 1370
74 47 off contm stop 1370
74 47 off contm start 1370
75 47 off contm stop 1370
75 47 off contm start 1370
76 47 off contm stop 1370
76 47 off contm start 1370
77 47 off contm stop 1370
77 47 off contm start 1370
78 47 off contm stop 1370
78 47 off contm start 1370
79 47 off contm stop 1370
79 47 off contm start 1370
80 47 off contm stop 1370
80 47 off contm start 1370
81 47 off contm stop 1370
81 47 off contm start 1370
82 47 off contm stop 1370
82 47 off contm start 1370
83 47 off contm stop 1370
83 47 off contm start 1370
84 47 off contm stop 1370
