18 jun 2014 IST 18jun2014_6 1330
18 6 13 vira on contm off start 1330
18 7 14 vira on contm off stop 1330
18 7 23 vira on contm ehi start 1330
18 12 16 vira on contm ehi stop 1330
18 12 31 vira on contm hi start 1330
18 17 27 vira on contm hi stop 1330
18 17 54 vira on contm med start 1330
18 22 46 vira on contm med stop 1330
18 23 2 vira on contm low start 1330
18 27 55 vira on contm low stop 1330
18 28 14 vira on contm off start 1330
18 33 7 vira on contm off stop 1330
18 33 23 vira on contm ehi start 1330
18 38 15 vira on contm ehi stop 1330
18 38 34 vira on contm hi start 1330
18 43 27 vira on contm hi stop 1330
18 43 43 vira on contm med start 1330
18 48 36 vira on contm med stop 1330
18 48 54 vira on contm low start 1330
18 53 47 vira on contm low stop 1330
18 54 3 vira on contm off start 1330
18 58 56 vira on contm off stop 1330
18 59 12 vira on contm ehi start 1330
19 4 8 vira on contm ehi stop 1330
19 4 23 vira on contm hi start 1330
19 9 16 vira on contm hi stop 1330
19 9 32 vira on contm med start 1330
19 14 28 vira on contm med stop 1330
19 14 44 vira on contm low start 1330
19 19 37 vira on contm low stop 1330
19 19 53 vira on contm off start 1330
19 24 48 vira on contm off stop 1330
19 25 4 vira on contm ehi start 1330
19 29 59 vira on contm ehi stop 1330
19 30 13 vira on contm hi start 1330
19 35 8 vira on contm hi stop 1330
19 35 24 vira on contm med start 1330
19 40 17 vira on contm med stop 1330
19 40 36 vira on contm low start 1330
19 45 28 vira on contm low stop 1330
19 45 45 vira on contm off start 1330
19 50 38 vira on contm off stop 1330
19 50 53 vira on contm ehi start 1330
19 55 49 vira on contm ehi stop 1330
19 56 5 vira on contm hi start 1330
20 0 58 vira on contm hi stop 1330
20 1 14 vira on contm med start 1330
20 6 9 vira on contm med stop 1330
20 6 25 vira on contm low start 1330
20 11 18 vira on contm low stop 1330
20 11 34 vira on contm off start 1330
20 16 27 vira on contm off stop 1330
20 16 46 vira on contm ehi start 1330
20 21 38 vira on contm ehi stop 1330
20 21 54 vira on contm hi start 1330
20 26 47 vira on contm hi stop 1330
20 27 6 vira on contm med start 1330
20 31 58 vira on contm med stop 1330
20 32 15 vira on contm low start 1330
20 37 7 vira on contm low stop 1330
20 37 26 vira on contm off start 1330
20 42 19 vira on contm off stop 1330
20 42 35 vira on contm ehi start 1330
20 47 27 vira on contm ehi stop 1330
20 47 44 vira on contm hi start 1330
20 52 39 vira on contm hi stop 1330
20 52 55 vira on contm med start 1330
20 57 51 vira on contm med stop 1330
20 58 6 vira on contm low start 1330
21 2 59 vira on contm low stop 1330
21 3 15 vira on contm off start 1330
21 8 11 vira on contm off stop 1330
21 8 27 vira on contm ehi start 1330
21 13 20 vira on contm ehi stop 1330
21 13 35 vira on contm hi start 1330
21 18 28 vira on contm hi stop 1330
21 18 47 vira on contm med start 1330
21 23 40 vira on contm med stop 1330
21 23 56 vira on contm low start 1330
21 28 49 vira on contm low stop 1330
21 29 7 vira on contm off start 1330
21 34 0 vira on contm off stop 1330
21 34 16 vira on contm ehi start 1330
21 39 9 vira on contm ehi stop 1330
21 39 25 vira on contm hi start 1330
21 44 21 vira on contm hi stop 1330
21 44 36 vira on contm med start 1330
21 49 29 vira on contm med stop 1330
21 49 45 vira on contm low start 1330
21 54 41 vira on contm low stop 1330
21 54 57 vira on contm off start 1330
21 59 49 vira on contm off stop 1330
22 0 5 vira on contm ehi start 1330
22 5 1 vira on contm ehi stop 1330
22 5 17 vira on contm hi start 1330
22 10 10 vira on contm hi stop 1330
22 10 26 vira on contm med start 1330
22 15 21 vira on contm med stop 1330
22 15 37 vira on contm low start 1330
22 20 30 vira on contm low stop 1330
22 20 46 vira on contm off start 1330
22 25 41 vira on contm off stop 1330
22 25 58 vira on contm ehi start 1330
22 30 50 vira on contm ehi stop 1330
22 31 6 vira on contm hi start 1330
22 35 59 vira on contm hi stop 1330
22 36 18 vira on contm med start 1330
22 41 11 vira on contm med stop 1330
22 41 30 vira on contm low start 1330
22 46 19 vira on contm low stop 1330
22 46 38 vira on contm off start 1330
22 51 31 vira on contm off stop 1330
22 51 47 vira on contm ehi start 1330
22 56 42 vira on contm ehi stop 1330
22 56 59 vira on contm hi start 1330
23 1 51 vira on contm hi stop 1330
23 2 7 vira on contm med start 1330
23 7 0 vira on contm med stop 1330
23 7 19 vira on contm low start 1330
23 12 11 vira on contm low stop 1330
23 12 28 vira on contm off start 1330
23 17 20 vira on contm off stop 1330
23 17 39 vira on contm ehi start 1330
23 22 32 vira on contm ehi stop 1330
23 22 48 vira on contm hi start 1330
23 27 40 vira on contm hi stop 1330
23 27 57 vira on contm med start 1330
23 32 52 vira on contm med stop 1330
23 33 8 vira on contm low start 1330
23 38 1 vira on contm low stop 1330
23 38 17 vira on contm off start 1330
23 43 12 vira on contm off stop 1330
23 43 28 vira on contm ehi start 1330
23 48 21 vira on contm ehi stop 1330
23 48 37 vira on contm hi start 1330
23 53 33 vira on contm hi stop 1330
23 53 48 vira on contm med start 1330
23 58 41 vira on contm med stop 1330
23 58 58 vira on contm low start 1330
24 3 53 vira on contm low stop 1330
24 4 9 vira on contm off start 1330
24 9 1 vira on contm off stop 1330
24 9 18 vira on contm ehi start 1330
24 14 13 vira on contm ehi stop 1330
24 14 29 vira on contm hi start 1330
24 19 22 vira on contm hi stop 1330
24 19 38 vira on contm med start 1330
24 24 33 vira on contm med stop 1330
24 24 49 vira on contm low start 1330
24 29 45 vira on contm low stop 1330
24 29 58 vira on contm off start 1330
24 34 54 vira on contm off stop 1330
24 35 10 vira on contm ehi start 1330
24 40 2 vira on contm ehi stop 1330
24 40 21 vira on contm hi start 1330
24 45 14 vira on contm hi stop 1330
24 45 30 vira on contm med start 1330
24 50 23 vira on contm med stop 1330
24 50 39 vira on contm low start 1330
24 55 34 vira on contm low stop 1330
24 55 50 vira on contm off start 1330
25 0 43 vira on contm off stop 1330
25 0 59 vira on contm ehi start 1330
25 5 52 vira on contm ehi stop 1330
25 6 11 vira on contm hi start 1330
25 11 3 vira on contm hi stop 1330
25 11 19 vira on contm med start 1330
25 16 12 vira on contm med stop 1330
25 16 31 vira on contm low start 1330
25 21 24 vira on contm low stop 1330
25 21 40 vira on contm off start 1330
25 26 32 vira on contm off stop 1330
25 26 48 vira on contm ehi start 1330
25 31 44 vira on contm ehi stop 1330
25 31 60 vira on contm hi start 1330
25 36 53 vira on contm hi stop 1330
25 37 11 vira on contm med start 1330
25 42 4 vira on contm med stop 1330
25 42 20 vira on contm low start 1330
25 47 13 vira on contm low stop 1330
25 47 29 vira on contm off start 1330
25 52 24 vira on contm off stop 1330
25 52 40 vira on contm ehi start 1330
25 57 33 vira on contm ehi stop 1330
25 57 49 vira on contm hi start 1330
26 2 44 vira on contm hi stop 1330
26 3 1 vira on contm med start 1330
26 7 56 vira on contm med stop 1330
26 8 9 vira on contm low start 1330
26 13 5 vira on contm low stop 1330
26 13 21 vira on contm off start 1330
26 18 14 vira on contm off stop 1330
26 18 40 vira on contm ehi start 1330
26 23 33 vira on contm ehi stop 1330
26 23 52 vira on contm hi start 1330
26 28 45 vira on contm hi stop 1330
26 29 1 vira on contm med start 1330
26 33 54 vira on contm med stop 1330
26 34 9 vira on contm low start 1330
26 39 5 vira on contm low stop 1330
26 39 21 vira on contm off start 1330
26 44 16 vira on contm off stop 1330
26 44 30 vira on contm ehi start 1330
26 49 25 vira on contm ehi stop 1330
26 49 41 vira on contm hi start 1330
26 54 34 vira on contm hi stop 1330
26 54 53 vira on contm med start 1330
26 59 46 vira on contm med stop 1330
27 0 2 vira on contm low start 1330
27 4 54 vira on contm low stop 1330
27 5 13 vira on contm off start 1330
27 10 6 vira on contm off stop 1330
27 10 22 vira on contm ehi start 1330
27 15 15 vira on contm ehi stop 1330
27 15 31 vira on contm hi start 1330
27 20 26 vira on contm hi stop 1330
27 20 42 vira on contm med start 1330
27 25 35 vira on contm med stop 1330
27 25 51 vira on contm low start 1330
27 30 46 vira on contm low stop 1330
27 31 3 vira on contm off start 1330
27 35 55 vira on contm off stop 1330
27 36 11 vira on contm ehi start 1330
27 41 6 vira on contm ehi stop 1330
27 41 23 vira on contm hi start 1330
27 46 15 vira on contm hi stop 1330
27 46 32 vira on contm med start 1330
27 51 27 vira on contm med stop 1330
27 51 43 vira on contm low start 1330
27 56 35 vira on contm low stop 1330
27 56 52 vira on contm off start 1330
28 1 47 vira on contm off stop 1330
28 2 3 vira on contm ehi start 1330
28 6 56 vira on contm ehi stop 1330
28 7 15 vira on contm hi start 1330
28 12 7 vira on contm hi stop 1330
28 12 24 vira on contm med start 1330
28 17 16 vira on contm med stop 1330
28 17 35 vira on contm low start 1330
28 22 28 vira on contm low stop 1330
28 22 44 vira on contm off start 1330
28 27 36 vira on contm off stop 1330
28 27 53 vira on contm ehi start 1330
28 32 48 vira on contm ehi stop 1330
28 33 4 vira on contm hi start 1330
28 37 57 vira on contm hi stop 1330
28 38 13 vira on contm med start 1330
28 43 5 vira on contm med stop 1330
28 43 24 vira on contm low start 1330
28 48 17 vira on contm low stop 1330
28 48 33 vira on contm off start 1330
28 53 26 vira on contm off stop 1330
28 53 45 vira on contm ehi start 1330
28 58 37 vira on contm ehi stop 1330
28 58 53 vira on contm hi start 1330
29 3 46 vira on contm hi stop 1330
29 4 2 vira on contm med start 1330
29 8 58 vira on contm med stop 1330
29 9 14 vira on contm low start 1330
29 14 6 vira on contm low stop 1330
29 14 22 vira on contm off start 1330
29 19 18 vira on contm off stop 1330
29 19 34 vira on contm ehi start 1330
29 24 27 vira on contm ehi stop 1330
29 24 43 vira on contm hi start 1330
29 29 38 vira on contm hi stop 1330
29 29 54 vira on contm med start 1330
29 34 47 vira on contm med stop 1330
29 35 3 vira on contm low start 1330
29 39 59 vira on contm low stop 1330
29 40 14 vira on contm off start 1330
29 45 7 vira on contm off stop 1330
29 45 23 vira on contm ehi start 1330
29 50 19 vira on contm ehi stop 1330
29 50 35 vira on contm hi start 1330
29 55 28 vira on contm hi stop 1330
29 55 46 vira on contm med start 1330
30 0 39 vira on contm med stop 1330
30 0 55 vira on contm low start 1330
30 5 48 vira on contm low stop 1330
30 6 7 vira on contm off start 1330
30 10 57 vira on contm off stop 1330
30 11 15 vira on contm ehi start 1330
30 16 8 vira on contm ehi stop 1330
30 16 24 vira on contm hi start 1330
30 21 19 vira on contm hi stop 1330
30 21 36 vira on contm med start 1330
30 26 28 vira on contm med stop 1330
30 26 44 vira on contm low start 1330
30 31 40 vira on contm low stop 1330
30 31 56 vira on contm off start 1330
30 36 48 vira on contm off stop 1330
30 37 5 vira on contm ehi start 1330
30 41 57 vira on contm ehi stop 1330
30 42 16 vira on contm hi start 1330
30 47 9 vira on contm hi stop 1330
30 47 25 vira on contm med start 1330
30 52 18 vira on contm med stop 1330
30 52 36 vira on contm low start 1330
30 57 29 vira on contm low stop 1330
30 57 56 vira on contm off start 1330
31 2 49 vira on contm off stop 1330
31 3 56 vira on contm ehi start 1330
31 8 48 vira on contm ehi stop 1330
31 9 5 vira on contm hi start 1330
31 14 0 vira on contm hi stop 1330
31 14 16 vira on contm med start 1330
31 19 9 vira on contm med stop 1330
31 19 25 vira on contm low start 1330
31 24 20 vira on contm low stop 1330
31 24 36 vira on contm off start 1330
31 29 29 vira on contm off stop 1330
31 29 45 vira on contm ehi start 1330
31 34 41 vira on contm ehi stop 1330
31 35 5 vira on contm hi start 1330
31 39 60 vira on contm hi stop 1330
31 40 16 vira on contm med start 1330
31 45 9 vira on contm med stop 1330
31 45 28 vira on contm low start 1330
31 50 20 vira on contm low stop 1330
31 50 47 vira on contm off start 1330
31 55 40 vira on contm off stop 1330
31 55 56 vira on contm ehi start 1330
32 0 49 vira on contm ehi stop 1330
32 1 8 vira on contm hi start 1330
32 6 0 vira on contm hi stop 1330
32 6 16 vira on contm med start 1330
32 11 9 vira on contm med stop 1330
32 11 25 vira on contm low start 1330
32 16 21 vira on contm low stop 1330
32 16 36 vira on contm off start 1330
32 21 29 vira on contm off stop 1330
32 21 48 vira on contm ehi start 1330
32 26 41 vira on contm ehi stop 1330
32 26 57 vira on contm hi start 1330
32 31 50 vira on contm hi stop 1330
32 32 8 vira on contm med start 1330
32 37 1 vira on contm med stop 1330
32 37 17 vira on contm low start 1330
32 42 10 vira on contm low stop 1330
32 42 26 vira on contm off start 1330
32 47 21 vira on contm off stop 1330
32 47 37 vira on contm ehi start 1330
32 52 30 vira on contm ehi stop 1330
32 52 46 vira on contm hi start 1330
32 57 41 vira on contm hi stop 1330
32 57 58 vira on contm med start 1330
33 2 53 vira on contm med stop 1330
33 3 9 vira on contm low start 1330
33 8 2 vira on contm low stop 1330
33 8 18 vira on contm off start 1330
33 13 10 vira on contm off stop 1330
33 13 29 vira on contm ehi start 1330
33 18 22 vira on contm ehi stop 1330
33 18 38 vira on contm hi start 1330
33 23 34 vira on contm hi stop 1330
33 23 49 vira on contm med start 1330
33 28 42 vira on contm med stop 1330
33 28 58 vira on contm low start 1330
33 33 54 vira on contm low stop 1330
33 34 7 vira on contm off start 1330
33 39 3 vira on contm off stop 1330
33 39 19 vira on contm ehi start 1330
33 44 11 vira on contm ehi stop 1330
33 44 30 vira on contm hi start 1330
33 49 23 vira on contm hi stop 1330
33 49 39 vira on contm med start 1330
33 54 32 vira on contm med stop 1330
33 54 50 vira on contm low start 1330
33 59 43 vira on contm low stop 1330
34 0 10 vira on contm off start 1330
34 5 3 vira on contm off stop 1330
34 5 22 vira on contm ehi start 1330
34 10 14 vira on contm ehi stop 1330
34 10 38 vira on contm hi start 1330
34 15 34 vira on contm hi stop 1330
34 15 50 vira on contm med start 1330
34 20 43 vira on contm med stop 1330
34 21 2 vira on contm low start 1330
34 25 54 vira on contm low stop 1330
34 26 10 vira on contm off start 1330
34 31 6 vira on contm off stop 1330
34 31 19 vira on contm ehi start 1330
34 36 14 vira on contm ehi stop 1330
34 36 30 vira on contm hi start 1330
34 41 23 vira on contm hi stop 1330
34 42 30 vira on contm med start 1330
34 47 23 vira on contm med stop 1330
34 47 41 vira on contm low start 1330
34 52 34 vira on contm low stop 1330
34 52 51 vira on contm off start 1330
34 57 46 vira on contm off stop 1330
34 58 13 vira on contm ehi start 1330
35 3 5 vira on contm ehi stop 1330
35 3 22 vira on contm hi start 1330
35 8 14 vira on contm hi stop 1330
35 8 33 vira on contm med start 1330
35 13 26 vira on contm med stop 1330
35 13 42 vira on contm low start 1330
35 18 35 vira on contm low stop 1330
