27 feb 2014 IST 27feb2014_1 1370
35 17 0 cyga on contm off start 1370
35 30 0 cyga on contm off stop 1370
35 31 0 cyga on pointingscan off start 1370
35 51 0 cyga on pointingscan off stop 1370
35 52 0 cyga on contm off start 1370
36 5 0 cyga on contm off stop 1370
36 6 0 cyga on pointingscan off start 1370
36 26 0 cyga on pointingscan off stop 1370
36 27 0 cyga on contm off start 1370
36 40 0 cyga on contm off stop 1370
36 41 0 cyga on pointingscan off start 1370
37 1 0 cyga on pointingscan off stop 1370
37 2 0 cyga on contm off start 1370
37 15 0 cyga on contm off stop 1370
37 16 0 cyga on pointingscan off start 1370
37 36 0 cyga on pointingscan off stop 1370
37 37 0 cyga on contm off start 1370
37 51 0 cyga on contm off stop 1370
37 52 0 cyga on pointingscan off start 1370
38 11 0 cyga on pointingscan off stop 1370
38 12 0 cyga on contm off start 1370
38 25 0 cyga on contm off stop 1370
38 26 0 cyga on pointingscan off start 1370
38 46 0 cyga on pointingscan off stop 1370
38 47 0 cyga on contm off start 1370
39 0 0 cyga on contm off stop 1370
